99
1 2
1 100
3 4
4 6
5 6
6 8
7 8
8 10
9 10
10 12
11 12
12 14
13 14
14 16
15 16
16 18
17 18
18 20
19 20
20 22
21 22
22 24
23 24
24 26
25 26
26 28
27 28
28 30
29 30
30 32
31 32
32 34
33 34
34 36
35 36
36 38
37 38
38 40
39 40
40 42
41 42
42 44
43 44
44 46
45 46
46 48
47 48
48 50
49 50
50 52
51 52
52 54
53 54
54 56
55 56
56 58
57 58
58 60
59 60
60 62
61 62
62 64
63 64
64 66
65 66
66 68
67 68
68 70
69 70
70 72
71 72
72 74
73 74
74 76
75 76
76 78
77 78
78 80
79 80
80 82
81 82
82 84
83 84
84 86
85 86
86 88
87 88
88 90
89 90
90 92
91 92
92 94
93 94
94 96
95 96
96 98
97 98
98 100
99 100
